<?xml version="1.0" encoding="UTF-8"?>
<coverage generated="1738494153491" clover="3.2.0">
  <project timestamp="1738494153491" name="All files">
    <metrics statements="27" coveredstatements="18" conditionals="8" coveredconditionals="8" methods="14" coveredmethods="10" elements="49" coveredelements="36" complexity="0" loc="27" ncloc="27" packages="4" files="9" classes="9"/>
    <package name="src">
      <metrics statements="2" coveredstatements="0" conditionals="0" coveredconditionals="0" methods="0" coveredmethods="0"/>
      <file name="index.jsx" path="/home/postaldude/info-tec/udemy/luiz-otavio-miranda/lom-react-next-typescript/src/index.jsx">
        <metrics statements="2" coveredstatements="0" conditionals="0" coveredconditionals="0" methods="0" coveredmethods="0"/>
        <line num="8" count="0" type="stmt"/>
        <line num="9" count="0" type="stmt"/>
      </file>
    </package>
    <package name="src.components.Heading">
      <metrics statements="16" coveredstatements="12" conditionals="8" coveredconditionals="8" methods="10" coveredmethods="8"/>
      <file name="index.jsx" path="/home/postaldude/info-tec/udemy/luiz-otavio-miranda/lom-react-next-typescript/src/components/Heading/index.jsx">
        <metrics statements="3" coveredstatements="3" conditionals="4" coveredconditionals="4" methods="1" coveredmethods="1"/>
        <line num="4" count="2" type="stmt"/>
        <line num="11" count="10" type="stmt"/>
        <line num="23" count="2" type="stmt"/>
      </file>
      <file name="stories.jsx" path="/home/postaldude/info-tec/udemy/luiz-otavio-miranda/lom-react-next-typescript/src/components/Heading/stories.jsx">
        <metrics statements="4" coveredstatements="0" conditionals="0" coveredconditionals="0" methods="2" coveredmethods="0"/>
        <line num="19" count="0" type="stmt"/>
        <line num="20" count="0" type="stmt"/>
        <line num="22" count="0" type="stmt"/>
        <line num="28" count="0" type="stmt"/>
      </file>
      <file name="styles.js" path="/home/postaldude/info-tec/udemy/luiz-otavio-miranda/lom-react-next-typescript/src/components/Heading/styles.js">
        <metrics statements="9" coveredstatements="9" conditionals="4" coveredconditionals="4" methods="7" coveredmethods="7"/>
        <line num="3" count="2" type="stmt"/>
        <line num="4" count="1" type="stmt"/>
        <line num="7" count="1" type="stmt"/>
        <line num="10" count="1" type="stmt"/>
        <line num="13" count="7" type="stmt"/>
        <line num="19" count="7" type="stmt"/>
        <line num="25" count="10" type="stmt"/>
        <line num="29" count="2" type="stmt"/>
        <line num="30" count="10" type="stmt"/>
      </file>
    </package>
    <package name="src.styles">
      <metrics statements="6" coveredstatements="3" conditionals="0" coveredconditionals="0" methods="3" coveredmethods="1"/>
      <file name="global-styles.js" path="/home/postaldude/info-tec/udemy/luiz-otavio-miranda/lom-react-next-typescript/src/styles/global-styles.js">
        <metrics statements="3" coveredstatements="0" conditionals="0" coveredconditionals="0" methods="2" coveredmethods="0"/>
        <line num="3" count="0" type="stmt"/>
        <line num="16" count="0" type="stmt"/>
        <line num="20" count="0" type="stmt"/>
      </file>
      <file name="render-theme.js" path="/home/postaldude/info-tec/udemy/luiz-otavio-miranda/lom-react-next-typescript/src/styles/render-theme.js">
        <metrics statements="2" coveredstatements="2" conditionals="0" coveredconditionals="0" methods="1" coveredmethods="1"/>
        <line num="5" count="2" type="stmt"/>
        <line num="6" count="7" type="stmt"/>
      </file>
      <file name="theme.js" path="/home/postaldude/info-tec/udemy/luiz-otavio-miranda/lom-react-next-typescript/src/styles/theme.js">
        <metrics statements="1" coveredstatements="1" conditionals="0" coveredconditionals="0" methods="0" coveredmethods="0"/>
        <line num="1" count="2" type="stmt"/>
      </file>
    </package>
    <package name="src.templates.App">
      <metrics statements="3" coveredstatements="3" conditionals="0" coveredconditionals="0" methods="1" coveredmethods="1"/>
      <file name="index.jsx" path="/home/postaldude/info-tec/udemy/luiz-otavio-miranda/lom-react-next-typescript/src/templates/App/index.jsx">
        <metrics statements="2" coveredstatements="2" conditionals="0" coveredconditionals="0" methods="1" coveredmethods="1"/>
        <line num="4" count="1" type="stmt"/>
        <line num="5" count="1" type="stmt"/>
      </file>
      <file name="styles.js" path="/home/postaldude/info-tec/udemy/luiz-otavio-miranda/lom-react-next-typescript/src/templates/App/styles.js">
        <metrics statements="1" coveredstatements="1" conditionals="0" coveredconditionals="0" methods="0" coveredmethods="0"/>
        <line num="3" count="1" type="stmt"/>
      </file>
    </package>
  </project>
</coverage>
