{"/home/postaldude/info-tec/udemy/luiz-otavio-miranda/lom-react-next-typescript/src/index.jsx": {"path":"/home/postaldude/info-tec/udemy/luiz-otavio-miranda/lom-react-next-typescript/src/index.jsx","statementMap":{"0":{"start":{"line":8,"column":13},"end":{"line":8,"column":65}},"1":{"start":{"line":9,"column":0},"end":{"line":16,"column":2}}},"fnMap":{},"branchMap":{},"s":{"0":0,"1":0},"f":{},"b":{}}
,"/home/postaldude/info-tec/udemy/luiz-otavio-miranda/lom-react-next-typescript/src/components/Heading/index.jsx": {"path":"/home/postaldude/info-tec/udemy/luiz-otavio-miranda/lom-react-next-typescript/src/components/Heading/index.jsx","statementMap":{"0":{"start":{"line":4,"column":23},"end":{"line":21,"column":1}},"1":{"start":{"line":11,"column":2},"end":{"line":20,"column":4}},"2":{"start":{"line":23,"column":0},"end":{"line":29,"column":2}}},"fnMap":{"0":{"name":"(anonymous_0)","decl":{"start":{"line":4,"column":23},"end":{"line":4,"column":24}},"loc":{"start":{"line":10,"column":6},"end":{"line":21,"column":1}},"line":10}},"branchMap":{"0":{"loc":{"start":{"line":6,"column":2},"end":{"line":6,"column":18}},"type":"default-arg","locations":[{"start":{"line":6,"column":14},"end":{"line":6,"column":18}}],"line":6},"1":{"loc":{"start":{"line":7,"column":2},"end":{"line":7,"column":11}},"type":"default-arg","locations":[{"start":{"line":7,"column":7},"end":{"line":7,"column":11}}],"line":7},"2":{"loc":{"start":{"line":8,"column":2},"end":{"line":8,"column":15}},"type":"default-arg","locations":[{"start":{"line":8,"column":9},"end":{"line":8,"column":15}}],"line":8},"3":{"loc":{"start":{"line":9,"column":2},"end":{"line":9,"column":19}},"type":"default-arg","locations":[{"start":{"line":9,"column":14},"end":{"line":9,"column":19}}],"line":9}},"s":{"0":2,"1":10,"2":2},"f":{"0":10},"b":{"0":[9],"1":[9],"2":[5],"3":[9]},"_coverageSchema":"1a1c01bbd47fc00a2c39e90264f33305004495a9","hash":"ac532294287f1fe9f991b9273fa806c6d2af5380"}
,"/home/postaldude/info-tec/udemy/luiz-otavio-miranda/lom-react-next-typescript/src/components/Heading/stories.jsx": {"path":"/home/postaldude/info-tec/udemy/luiz-otavio-miranda/lom-react-next-typescript/src/components/Heading/stories.jsx","statementMap":{"0":{"start":{"line":19,"column":21},"end":{"line":19,"column":52}},"1":{"start":{"line":19,"column":31},"end":{"line":19,"column":52}},"2":{"start":{"line":20,"column":20},"end":{"line":20,"column":51}},"3":{"start":{"line":20,"column":30},"end":{"line":20,"column":51}},"4":{"start":{"line":22,"column":0},"end":{"line":26,"column":2}},"5":{"start":{"line":28,"column":0},"end":{"line":31,"column":2}}},"fnMap":{"0":{"name":"(anonymous_0)","decl":{"start":{"line":19,"column":21},"end":{"line":19,"column":22}},"loc":{"start":{"line":19,"column":31},"end":{"line":19,"column":52}},"line":19},"1":{"name":"(anonymous_1)","decl":{"start":{"line":20,"column":20},"end":{"line":20,"column":21}},"loc":{"start":{"line":20,"column":30},"end":{"line":20,"column":51}},"line":20}},"branchMap":{},"s":{"0":0,"1":0,"2":0,"3":0,"4":0,"5":0},"f":{"0":0,"1":0},"b":{}}
,"/home/postaldude/info-tec/udemy/luiz-otavio-miranda/lom-react-next-typescript/src/components/Heading/styles.js": {"path":"/home/postaldude/info-tec/udemy/luiz-otavio-miranda/lom-react-next-typescript/src/components/Heading/styles.js","statementMap":{"0":{"start":{"line":3,"column":18},"end":{"line":17,"column":1}},"1":{"start":{"line":4,"column":20},"end":{"line":6,"column":3}},"2":{"start":{"line":7,"column":21},"end":{"line":9,"column":3}},"3":{"start":{"line":10,"column":18},"end":{"line":12,"column":3}},"4":{"start":{"line":13,"column":19},"end":{"line":16,"column":3}},"5":{"start":{"line":19,"column":18},"end":{"line":23,"column":1}},"6":{"start":{"line":19,"column":29},"end":{"line":23,"column":1}},"7":{"start":{"line":25,"column":18},"end":{"line":27,"column":1}},"8":{"start":{"line":25,"column":33},"end":{"line":27,"column":1}},"9":{"start":{"line":29,"column":21},"end":{"line":35,"column":1}},"10":{"start":{"line":30,"column":47},"end":{"line":34,"column":3}}},"fnMap":{"0":{"name":"(anonymous_0)","decl":{"start":{"line":4,"column":9},"end":{"line":4,"column":10}},"loc":{"start":{"line":4,"column":20},"end":{"line":6,"column":3}},"line":4},"1":{"name":"(anonymous_1)","decl":{"start":{"line":7,"column":10},"end":{"line":7,"column":11}},"loc":{"start":{"line":7,"column":21},"end":{"line":9,"column":3}},"line":7},"2":{"name":"(anonymous_2)","decl":{"start":{"line":10,"column":7},"end":{"line":10,"column":8}},"loc":{"start":{"line":10,"column":18},"end":{"line":12,"column":3}},"line":10},"3":{"name":"(anonymous_3)","decl":{"start":{"line":13,"column":8},"end":{"line":13,"column":9}},"loc":{"start":{"line":13,"column":19},"end":{"line":16,"column":3}},"line":13},"4":{"name":"(anonymous_4)","decl":{"start":{"line":19,"column":18},"end":{"line":19,"column":19}},"loc":{"start":{"line":19,"column":29},"end":{"line":23,"column":1}},"line":19},"5":{"name":"(anonymous_5)","decl":{"start":{"line":25,"column":18},"end":{"line":25,"column":19}},"loc":{"start":{"line":25,"column":33},"end":{"line":27,"column":1}},"line":25},"6":{"name":"(anonymous_6)","decl":{"start":{"line":30,"column":4},"end":{"line":30,"column":5}},"loc":{"start":{"line":30,"column":47},"end":{"line":34,"column":3}},"line":30}},"branchMap":{"0":{"loc":{"start":{"line":26,"column":20},"end":{"line":26,"column":52}},"type":"cond-expr","locations":[{"start":{"line":26,"column":32},"end":{"line":26,"column":43}},{"start":{"line":26,"column":46},"end":{"line":26,"column":52}}],"line":26},"1":{"loc":{"start":{"line":31,"column":11},"end":{"line":31,"column":69}},"type":"cond-expr","locations":[{"start":{"line":31,"column":23},"end":{"line":31,"column":48}},{"start":{"line":31,"column":51},"end":{"line":31,"column":69}}],"line":31}},"s":{"0":2,"1":1,"2":1,"3":1,"4":7,"5":2,"6":7,"7":2,"8":10,"9":2,"10":10},"f":{"0":1,"1":1,"2":1,"3":7,"4":7,"5":10,"6":10},"b":{"0":[1,9],"1":[9,1]},"_coverageSchema":"1a1c01bbd47fc00a2c39e90264f33305004495a9","hash":"f2b76b13add42d05f27799a5a39977133907138a"}
,"/home/postaldude/info-tec/udemy/luiz-otavio-miranda/lom-react-next-typescript/src/styles/global-styles.js": {"path":"/home/postaldude/info-tec/udemy/luiz-otavio-miranda/lom-react-next-typescript/src/styles/global-styles.js","statementMap":{"0":{"start":{"line":3,"column":28},"end":{"line":22,"column":1}},"1":{"start":{"line":16,"column":34},"end":{"line":16,"column":59}},"2":{"start":{"line":20,"column":34},"end":{"line":20,"column":61}}},"fnMap":{"0":{"name":"(anonymous_0)","decl":{"start":{"line":16,"column":19},"end":{"line":16,"column":20}},"loc":{"start":{"line":16,"column":34},"end":{"line":16,"column":59}},"line":16},"1":{"name":"(anonymous_1)","decl":{"start":{"line":20,"column":19},"end":{"line":20,"column":20}},"loc":{"start":{"line":20,"column":34},"end":{"line":20,"column":61}},"line":20}},"branchMap":{},"s":{"0":0,"1":0,"2":0},"f":{"0":0,"1":0},"b":{}}
,"/home/postaldude/info-tec/udemy/luiz-otavio-miranda/lom-react-next-typescript/src/styles/render-theme.js": {"path":"/home/postaldude/info-tec/udemy/luiz-otavio-miranda/lom-react-next-typescript/src/styles/render-theme.js","statementMap":{"0":{"start":{"line":5,"column":27},"end":{"line":7,"column":1}},"1":{"start":{"line":6,"column":2},"end":{"line":6,"column":73}}},"fnMap":{"0":{"name":"(anonymous_0)","decl":{"start":{"line":5,"column":27},"end":{"line":5,"column":28}},"loc":{"start":{"line":5,"column":41},"end":{"line":7,"column":1}},"line":5}},"branchMap":{},"s":{"0":2,"1":7},"f":{"0":7},"b":{},"_coverageSchema":"1a1c01bbd47fc00a2c39e90264f33305004495a9","hash":"e42ac1c9b0fde215289c03e75f3f00813aa91575"}
,"/home/postaldude/info-tec/udemy/luiz-otavio-miranda/lom-react-next-typescript/src/styles/theme.js": {"path":"/home/postaldude/info-tec/udemy/luiz-otavio-miranda/lom-react-next-typescript/src/styles/theme.js","statementMap":{"0":{"start":{"line":1,"column":21},"end":{"line":26,"column":1}}},"fnMap":{},"branchMap":{},"s":{"0":2},"f":{},"b":{},"_coverageSchema":"1a1c01bbd47fc00a2c39e90264f33305004495a9","hash":"096b348746050fdc5d39781eadd3cfb206d8d9f9"}
,"/home/postaldude/info-tec/udemy/luiz-otavio-miranda/lom-react-next-typescript/src/templates/App/index.jsx": {"path":"/home/postaldude/info-tec/udemy/luiz-otavio-miranda/lom-react-next-typescript/src/templates/App/index.jsx","statementMap":{"0":{"start":{"line":4,"column":20},"end":{"line":12,"column":1}},"1":{"start":{"line":5,"column":2},"end":{"line":11,"column":4}}},"fnMap":{"0":{"name":"(anonymous_0)","decl":{"start":{"line":4,"column":20},"end":{"line":4,"column":21}},"loc":{"start":{"line":4,"column":26},"end":{"line":12,"column":1}},"line":4}},"branchMap":{},"s":{"0":1,"1":1},"f":{"0":1},"b":{},"_coverageSchema":"1a1c01bbd47fc00a2c39e90264f33305004495a9","hash":"e072ecd07344c236cbd2e0ac218c011ba9439c49"}
,"/home/postaldude/info-tec/udemy/luiz-otavio-miranda/lom-react-next-typescript/src/templates/App/styles.js": {"path":"/home/postaldude/info-tec/udemy/luiz-otavio-miranda/lom-react-next-typescript/src/templates/App/styles.js","statementMap":{"0":{"start":{"line":3,"column":23},"end":{"line":3,"column":35}}},"fnMap":{},"branchMap":{},"s":{"0":1},"f":{},"b":{},"_coverageSchema":"1a1c01bbd47fc00a2c39e90264f33305004495a9","hash":"65b5097679eb3d1590fd06b9d95c5d09b883a631"}
}
